Fri May  2 18:17:44 2025       
+-----------------------------------------------------------------------------------------+
| NVIDIA-SMI 570.133.20             Driver Version: 570.133.20     CUDA Version: 12.8     |
|-----------------------------------------+------------------------+----------------------+
| GPU  Name                 Persistence-M | Bus-Id          Disp.A | Volatile Uncorr. ECC |
| Fan  Temp   Perf          Pwr:Usage/Cap |           Memory-Usage | GPU-Util  Compute M. |
|                                         |                        |               MIG M. |
|=========================================+========================+======================|
|   0  NVIDIA A100-PCIE-40GB          On  |   00000000:86:00.0 Off |                   On |
| N/A   47C    P0             48W /  250W |     237MiB /  40960MiB |     N/A      Default |
|                                         |                        |              Enabled |
+-----------------------------------------+------------------------+----------------------+

+-----------------------------------------------------------------------------------------+
| MIG devices:                                                                            |
+------------------+----------------------------------+-----------+-----------------------+
| GPU  GI  CI  MIG |                     Memory-Usage |        Vol|        Shared         |
|      ID  ID  Dev |                       BAR1-Usage | SM     Unc| CE ENC  DEC  OFA  JPG |
|                  |                                  |        ECC|                       |
|==================+==================================+===========+=======================|
|  0    9   0   0  |              34MiB /  4864MiB    | 14      0 |  1   0    0    0    0 |
|                  |                 0MiB /  8191MiB  |           |                       |
+------------------+----------------------------------+-----------+-----------------------+
                                                                                         
+-----------------------------------------------------------------------------------------+
| Processes:                                                                              |
|  GPU   GI   CI              PID   Type   Process name                        GPU Memory |
|        ID   ID                                                               Usage      |
|=========================================================================================|
|  No running processes found                                                             |
+-----------------------------------------------------------------------------------------+
building_id, mean_temp, std_temp, pct_above_18, pct_below_15
10000, 14.016701434535019, 6.367649262232614, 30.966330331633575, 55.47538967849264
10009, 11.01028048638153, 5.80928699600336, 16.69765805608604, 74.93466680068349
10014, 14.76009423643455, 7.028290843423581, 38.297265935139755, 52.74831538445879
10019, 14.75219175313747, 7.020491283113654, 38.191880041912086, 52.886542354604735
10029, 10.622508188742058, 6.312460561811111, 18.25563221896085, 74.51301795448481
10031, 12.518720991183892, 6.276144595273962, 24.080075420557996, 66.33473764841057
10051, 13.290568693587785, 5.999000745442376, 25.97693550756574, 62.84890553841633
10053, 11.374403533368802, 6.258990338763394, 19.957686882933707, 72.38848730606487
10056, 14.22156228947154, 6.1794045077543185, 31.770664359612127, 57.05454021123968
10064, 12.729579225705642, 6.964127503403578, 28.854589132358804, 62.675186492768844
10075, 15.17712319981736, 6.44334546715509, 39.29975267202544, 47.279392279833935
10079, 15.105831923572193, 7.310311159619338, 41.94066689251319, 49.388762522383004
10080, 15.788727905768031, 7.276695255676388, 46.42258819841091, 44.66988664752966
10082, 16.481817927787013, 6.706141219645528, 48.723152055379074, 40.47223934379593
10083, 15.642338056613623, 7.1206662339490965, 44.870436948965434, 45.874420061760624
10084, 15.103437404180209, 7.149927041471729, 40.92004216232495, 50.25146815238669
10085, 15.87201886727475, 7.191593636270213, 46.19291488551234, 44.711558809836205
10086, 14.401349605024498, 7.212646858776388, 37.29047849202513, 52.985983566940554
10087, 15.087660041744552, 7.268110485786864, 41.58125639989854, 49.843584131069925
10089, 14.005138326886952, 7.2688582943610704, 35.50778774954371, 56.30632760560983
10090, 14.292348986223814, 6.619899290262298, 36.6682123811732, 51.18710874101553
10093, 14.10777325827086, 6.563872903856072, 33.415299954503105, 56.39014667331066
10094, 14.207079018611717, 6.756749306693742, 35.406337218847476, 54.87878290373776
10097, 14.357997188117173, 6.864222068044872, 37.845159605718386, 51.274561002676414
10117, 15.467991377969012, 6.6825715532343, 44.13410625109789, 44.460337775101
10119, 14.089674182737749, 6.7517891686011495, 35.08520585130448, 54.69260543909918
10120, 15.282544148744204, 8.031762241511613, 46.168775716171105, 47.71627461636002
10124, 13.869198858446182, 7.03166503893032, 34.57151056426444, 56.046202963016114
10126, 13.400895221560917, 6.6359895145173065, 29.673490998941055, 61.073067419696436
10128, 17.42942852349295, 6.706558499486138, 56.04351758259297, 34.869926052029584
10136, 15.429839044852377, 7.273167383733226, 44.34338141516802, 46.86940789148467
10144, 12.118610615454026, 6.126212822314991, 21.841893859516993, 68.8482201134709
10145, 10.662937533667057, 5.891477173010236, 16.59074372844896, 75.26177596406313
10150, 14.964157995600226, 7.494034563459177, 41.2050516477199, 50.724180776292116
10161, 13.451501800401758, 7.029405189124996, 31.821653456440195, 59.45789982857822
10165, 13.055518070277657, 6.732036807735771, 29.071604938271605, 62.0477366255144
10167, 13.234493289218918, 6.813348934796285, 30.197673255775193, 60.84369478982633
10168, 13.195184804172143, 6.8997928359809775, 30.327255804676984, 60.48332142204198
10174, 16.608940831431973, 6.955983995108371, 49.54587088609365, 41.2128288852686
10176, 16.68236882666349, 6.842547771979847, 49.90124349737113, 40.574317745569864
10177, 16.648131433708468, 6.775457258487117, 49.226928328558806, 40.82019223046237
10180, 16.511847069183545, 6.854052275230559, 48.287360564561034, 42.000487984935035
10182, 16.740702034449036, 6.320409984740384, 50.90032760611846, 37.492045534893585
10198, 14.439545448068726, 7.345024135404759, 38.675400291120816, 53.180494905385736
10199, 17.255015246375176, 6.978009104834875, 53.96834852365918, 37.61640952324219
10200, 12.835381860010694, 7.255169376733769, 30.705105474787075, 61.61895267851767
10201, 15.960913626176106, 7.271203074177522, 47.10770734886752, 44.60681114551084
10202, 13.554783199322028, 7.4954860913242545, 34.06697549887004, 58.621123857619075
10203, 16.816461246696754, 6.613476178659371, 51.28312357283203, 38.8368912962668
10204, 14.773620587426736, 7.063339931095164, 39.064742465316534, 51.70294477223196

✅ 50 floorplans，time 56.58 s

------------------------------------------------------------
Sender: LSF System <lsfadmin@hpc.dtu.dk>
Subject: Job 24865003: <gpujob> in cluster <dcc> Done

Job <gpujob> was submitted from host <n-62-30-7> by user <s250181> in cluster <dcc> at Fri May  2 18:17:39 2025
Job was executed on host(s) <4*n-62-12-22>, in queue <c02613>, as user <s250181> in cluster <dcc> at Fri May  2 18:17:41 2025
</zhome/1f/a/219282> was used as the home directory.
</zhome/1f/a/219282/exercise> was used as the working directory.
Started at Fri May  2 18:17:41 2025
Terminated at Fri May  2 18:18:41 2025
Results reported at Fri May  2 18:18:41 2025

Your job looked like:

------------------------------------------------------------
# LSBATCH: User input
#!/bin/sh
#BSUB -q c02613
#BSUB -J gpujob                         
#BSUB -n 4                              
#BSUB -R "span[hosts=1]"               
#BSUB -R "rusage[mem=2GB]"
#BSUB -gpu "num=1:mode=exclusive_process" 
#BSUB -W 00:55                          
#BSUB -o e8_%J.out    
#BSUB -e e8_%J.err    

source /dtu/projects/02613_2025/conda/conda_init.sh
conda activate 02613                   

nvidia-smi
python e8.py 50            

------------------------------------------------------------

Successfully completed.

Resource usage summary:

    CPU time :                                   58.27 sec.
    Max Memory :                                 309 MB
    Average Memory :                             284.33 MB
    Total Requested Memory :                     8192.00 MB
    Delta Memory :                               7883.00 MB
    Max Swap :                                   -
    Max Processes :                              4
    Max Threads :                                7
    Run time :                                   144 sec.
    Turnaround time :                            62 sec.

The output (if any) is above this job summary.



PS:

Read file <e8_24865003.err> for stderr output of this job.

