Sun May  4 05:04:05 2025       
+-----------------------------------------------------------------------------------------+
| NVIDIA-SMI 570.133.20             Driver Version: 570.133.20     CUDA Version: 12.8     |
|-----------------------------------------+------------------------+----------------------+
| GPU  Name                 Persistence-M | Bus-Id          Disp.A | Volatile Uncorr. ECC |
| Fan  Temp   Perf          Pwr:Usage/Cap |           Memory-Usage | GPU-Util  Compute M. |
|                                         |                        |               MIG M. |
|=========================================+========================+======================|
|   0  NVIDIA A100-PCIE-40GB          On  |   00000000:86:00.0 Off |                   On |
| N/A   54C    P0             48W /  250W |     237MiB /  40960MiB |     N/A      Default |
|                                         |                        |              Enabled |
+-----------------------------------------+------------------------+----------------------+

+-----------------------------------------------------------------------------------------+
| MIG devices:                                                                            |
+------------------+----------------------------------+-----------+-----------------------+
| GPU  GI  CI  MIG |                     Memory-Usage |        Vol|        Shared         |
|      ID  ID  Dev |                       BAR1-Usage | SM     Unc| CE ENC  DEC  OFA  JPG |
|                  |                                  |        ECC|                       |
|==================+==================================+===========+=======================|
|  0    9   0   0  |              34MiB /  4864MiB    | 14      0 |  1   0    0    0    0 |
|                  |                 0MiB /  8191MiB  |           |                       |
+------------------+----------------------------------+-----------+-----------------------+
                                                                                         
+-----------------------------------------------------------------------------------------+
| Processes:                                                                              |
|  GPU   GI   CI              PID   Type   Process name                        GPU Memory |
|        ID   ID                                                               Usage      |
|=========================================================================================|
|  No running processes found                                                             |
+-----------------------------------------------------------------------------------------+
Running Jacobi on 50 buildings...
[1/50] 10000 finished in 2085.99 ms
[2/50] 10009 finished in 2747.51 ms
[3/50] 10014 finished in 3991.97 ms
[4/50] 10019 finished in 3943.74 ms
[5/50] 10029 finished in 1755.62 ms
[6/50] 10031 finished in 2364.68 ms
[7/50] 10051 finished in 770.37 ms
[8/50] 10053 finished in 2246.02 ms
[9/50] 10056 finished in 797.28 ms
[10/50] 10064 finished in 3250.28 ms
[11/50] 10075 finished in 4408.20 ms
[12/50] 10079 finished in 4069.17 ms
[13/50] 10080 finished in 4082.48 ms
[14/50] 10082 finished in 4356.47 ms
[15/50] 10083 finished in 2048.19 ms
[16/50] 10084 finished in 2010.19 ms
[17/50] 10085 finished in 2184.81 ms
[18/50] 10086 finished in 4174.73 ms
[19/50] 10087 finished in 3949.03 ms
[20/50] 10089 finished in 4135.91 ms
[21/50] 10090 finished in 842.46 ms
[22/50] 10093 finished in 4441.79 ms
[23/50] 10094 finished in 4360.90 ms
[24/50] 10097 finished in 1511.14 ms
[25/50] 10117 finished in 918.03 ms
[26/50] 10119 finished in 954.32 ms
[27/50] 10120 finished in 896.24 ms
[28/50] 10124 finished in 1673.28 ms
[29/50] 10126 finished in 2450.96 ms
[30/50] 10128 finished in 1047.95 ms
[31/50] 10136 finished in 2805.41 ms
[32/50] 10144 finished in 2783.52 ms
[33/50] 10145 finished in 2880.23 ms
[34/50] 10150 finished in 1550.57 ms
[35/50] 10161 finished in 1340.90 ms
[36/50] 10165 finished in 1399.75 ms
[37/50] 10167 finished in 1296.78 ms
[38/50] 10168 finished in 1296.61 ms
[39/50] 10174 finished in 7429.37 ms
[40/50] 10176 finished in 7546.78 ms
[41/50] 10177 finished in 7656.54 ms
[42/50] 10180 finished in 8189.57 ms
[43/50] 10182 finished in 2685.08 ms
[44/50] 10198 finished in 4691.19 ms
[45/50] 10199 finished in 4634.33 ms
[46/50] 10200 finished in 4201.04 ms
[47/50] 10201 finished in 4661.62 ms
[48/50] 10202 finished in 4620.86 ms
[49/50] 10203 finished in 4628.74 ms
[50/50] 10204 finished in 4715.22 ms

Total GPU time: 159.52 seconds

building_id, mean_temp, std_temp, pct_above_18, pct_below_15
10000, 14.01233878811275, 6.367431059312565, 30.941014791508444, 55.542295034537624
10009, 11.000135812436373, 5.811144379826625, 16.6712734948236, 74.9723590310584
10014, 14.744169941950119, 7.037733284673848, 38.26367541377415, 52.80837116508215
10019, 14.735524480624482, 7.030325006703675, 38.14915412864569, 52.92926826787113
10029, 10.616037322820358, 6.317331938274926, 18.25563221896085, 74.51301795448481
10031, 12.507072852890545, 6.278432089100354, 24.044722033998173, 66.39513301711693
10051, 13.289039951277402, 5.999085063388632, 25.97693550756574, 62.859923608050536
10053, 11.366493551285709, 6.26121798185875, 19.9510754583921, 72.41052538787024
10056, 14.220114507861702, 6.179461157398302, 31.763454814173965, 57.06174975667784
10064, 12.71696893739585, 6.964227784263683, 28.79137124461432, 62.75688345539249
10075, 15.156939199079357, 6.44052034037085, 39.12088154756647, 47.45605511880576
10079, 15.094353507626135, 7.313911268349323, 41.90001451870493, 49.44974108309539
10080, 15.777740694240359, 7.280585752157965, 46.365765006711015, 44.711034476002
10082, 16.465720758630678, 6.713345052234242, 48.64349722630506, 40.56137689061685
10083, 15.639247995421403, 7.120808056609733, 44.855518923515284, 45.886354482120744
10084, 15.100584697661853, 7.1505418077486445, 40.90648998644782, 50.266526125583496
10085, 15.868862158668058, 7.192791728448739, 46.18303917834116, 44.72566696293788
10086, 14.391525374209257, 7.21561607319371, 37.25664572257129, 53.01884968583857
10087, 15.073205905031166, 7.275519953981684, 41.532405798190645, 49.89713190601896
10089, 13.989763514400206, 7.276278123379982, 35.45861191757374, 56.3640146392669
10090, 14.28977151008143, 6.618760487919524, 36.61720380245769, 51.19638302805471
10093, 14.095290264085055, 6.567366222528458, 33.37738587863163, 56.457308750568714
10094, 14.1940414567099, 6.761508386054981, 35.37678542111312, 54.92584687790729
10097, 14.352951510344381, 6.862346996479439, 37.78967295515373, 51.308832169201644
10117, 15.46497230222894, 6.68210644831902, 44.11653993826696, 44.475394614670385
10119, 14.087564093649066, 6.751740274837882, 35.080178957422206, 54.69763233298145
10120, 15.281836130405736, 8.031455943482149, 46.168775716171105, 47.71627461636002
10124, 13.865677573440333, 7.0324711530466, 34.5643361911253, 56.06951967571834
10126, 13.39554651232936, 6.636761690822022, 29.66113660430639, 61.092481468408046
10128, 17.426229514140754, 6.706338569021849, 56.03287758684896, 34.885886045645584
10136, 15.423199679945066, 7.273070414891295, 44.30778965268372, 46.891158413002856
10144, 12.10717489837954, 6.127343501466291, 21.81051363157102, 68.90344931465582
10145, 10.64882156557927, 5.892590121948323, 16.560690898737782, 75.29657397741293
10150, 14.95997943752894, 7.495508230523557, 41.195779166589396, 50.74272573855312
10161, 13.448710200277965, 7.030556040226304, 31.809772738844856, 59.47317503691508
10165, 13.0532923906784, 6.732527924564911, 29.06502057613169, 62.05925925925926
10167, 13.231428641403623, 6.8148804237640315, 30.187672922430746, 60.85369512317077
10168, 13.192332536774527, 6.9011012766967585, 30.320607642062924, 60.489969584656045
10174, 16.575945822969274, 6.973659852751726, 49.40673048013928, 41.37923801399794
10176, 16.650126478576553, 6.857895119600343, 49.7586724900548, 40.73914373939411
10177, 16.617853518799127, 6.787652656868025, 49.088377821209605, 40.97212926026077
10180, 16.483851785051876, 6.869991181548357, 48.18538422557416, 42.15376530427112
10182, 16.734231009132596, 6.319519036092564, 50.86026067076763, 37.53446934879446
10198, 14.428363651068167, 7.342060263786546, 38.62776233955273, 53.21754664549424
10199, 17.24128845125754, 6.97704597054647, 53.889583871117196, 37.67465565285307
10200, 12.822394904722419, 7.2590034198734195, 30.670315186629825, 61.66377862672028
10201, 15.949517547910563, 7.272132486368341, 47.055564608114715, 44.6491771223725
10202, 13.545864053992815, 7.4955384617727985, 34.03781537666262, 58.643656679324806
10203, 16.803874591739124, 6.612298279926917, 51.215416069247524, 38.888003823482556
10204, 14.764620268834728, 7.063935427097854, 39.035507361930584, 51.7308510072822

------------------------------------------------------------
Sender: LSF System <lsfadmin@hpc.dtu.dk>
Subject: Job 24882622: <e9> in cluster <dcc> Done

Job <e9> was submitted from host <n-62-30-5> by user <s250181> in cluster <dcc> at Sun May  4 05:04:02 2025
Job was executed on host(s) <4*n-62-12-22>, in queue <c02613>, as user <s250181> in cluster <dcc> at Sun May  4 05:04:03 2025
</zhome/1f/a/219282> was used as the home directory.
</zhome/1f/a/219282/exercise> was used as the working directory.
Started at Sun May  4 05:04:03 2025
Terminated at Sun May  4 05:06:46 2025
Results reported at Sun May  4 05:06:46 2025

Your job looked like:

------------------------------------------------------------
# LSBATCH: User input
#!/bin/sh
#BSUB -q c02613
#BSUB -J e9                        
#BSUB -n 4                              
#BSUB -R "span[hosts=1]"               
#BSUB -R "rusage[mem=4GB]"
#BSUB -gpu "num=1:mode=exclusive_process" 
#BSUB -W 00:55                          
#BSUB -o e9_%J.out
#BSUB -e e9_%J.err

source /dtu/projects/02613_2025/conda/conda_init.sh
conda activate 02613                   

nvidia-smi
python e9.py 50            

------------------------------------------------------------

Successfully completed.

Resource usage summary:

    CPU time :                                   161.79 sec.
    Max Memory :                                 310 MB
    Average Memory :                             288.00 MB
    Total Requested Memory :                     16384.00 MB
    Delta Memory :                               16074.00 MB
    Max Swap :                                   -
    Max Processes :                              4
    Max Threads :                                7
    Run time :                                   185 sec.
    Turnaround time :                            164 sec.

The output (if any) is above this job summary.



PS:

Read file <e9_24882622.err> for stderr output of this job.

