Processing 50 floorplans with 16 workers
Time of using 16 workers to process 50 floors: 99.35 seconds.
building_id, mean_temp, std_temp, pct_above_18, pct_below_15
10000, 14.01, 6.37, 30.94, 55.54
10009, 11.00, 5.81, 16.67, 74.97
10014, 14.74, 7.04, 38.26, 52.81
10019, 14.74, 7.03, 38.15, 52.93
10029, 10.62, 6.32, 18.26, 74.51
10031, 12.51, 6.28, 24.04, 66.40
10051, 13.29, 6.00, 25.98, 62.86
10053, 11.37, 6.26, 19.95, 72.41
10056, 14.22, 6.18, 31.76, 57.06
10064, 12.72, 6.96, 28.79, 62.76
10075, 15.16, 6.44, 39.12, 47.46
10079, 15.09, 7.31, 41.90, 49.45
10080, 15.78, 7.28, 46.37, 44.71
10082, 16.47, 6.71, 48.64, 40.56
10083, 15.64, 7.12, 44.86, 45.89
10084, 15.10, 7.15, 40.91, 50.27
10085, 15.87, 7.19, 46.18, 44.73
10086, 14.39, 7.22, 37.26, 53.02
10087, 15.07, 7.28, 41.53, 49.90
10089, 13.99, 7.28, 35.46, 56.36
10090, 14.29, 6.62, 36.62, 51.20
10093, 14.10, 6.57, 33.38, 56.46
10094, 14.19, 6.76, 35.38, 54.93
10097, 14.35, 6.86, 37.79, 51.31
10117, 15.46, 6.68, 44.12, 44.48
10119, 14.09, 6.75, 35.08, 54.70
10120, 15.28, 8.03, 46.17, 47.72
10124, 13.87, 7.03, 34.56, 56.07
10126, 13.40, 6.64, 29.66, 61.09
10128, 17.43, 6.71, 56.03, 34.89
10136, 15.42, 7.27, 44.31, 46.89
10144, 12.11, 6.13, 21.81, 68.90
10145, 10.65, 5.89, 16.56, 75.30
10150, 14.96, 7.50, 41.20, 50.74
10161, 13.45, 7.03, 31.81, 59.47
10165, 13.05, 6.73, 29.07, 62.06
10167, 13.23, 6.81, 30.19, 60.85
10168, 13.19, 6.90, 30.32, 60.49
10174, 16.58, 6.97, 49.41, 41.38
10176, 16.65, 6.86, 49.76, 40.74
10177, 16.62, 6.79, 49.09, 40.97
10180, 16.48, 6.87, 48.19, 42.15
10182, 16.73, 6.32, 50.86, 37.53
10198, 14.43, 7.34, 38.63, 53.22
10199, 17.24, 6.98, 53.89, 37.67
10200, 12.82, 7.26, 30.67, 61.66
10201, 15.95, 7.27, 47.06, 44.65
10202, 13.55, 7.50, 34.04, 58.64
10203, 16.80, 6.61, 51.22, 38.89
10204, 14.76, 7.06, 39.04, 51.73

------------------------------------------------------------
Sender: LSF System <lsfadmin@hpc.dtu.dk>
Subject: Job 24831861: <task5_16> in cluster <dcc> Done

Job <task5_16> was submitted from host <hpclogin1> by user <s240046> in cluster <dcc> at Tue Apr 29 18:00:19 2025
Job was executed on host(s) <16*n-62-11-53>, in queue <hpc>, as user <s240046> in cluster <dcc> at Tue Apr 29 18:00:20 2025
</zhome/61/3/208723> was used as the home directory.
</zhome/61/3/208723> was used as the working directory.
Started at Tue Apr 29 18:00:20 2025
Terminated at Tue Apr 29 18:02:01 2025
Results reported at Tue Apr 29 18:02:01 2025

Your job looked like:

------------------------------------------------------------
# LSBATCH: User input
#!/bin/bash
#BSUB -J task5_16
#BSUB -q hpc
#BSUB -W 4
#BSUB -R "rusage[mem=64MB]"
#BSUB -n 16
#BSUB -R "span[hosts=1]"
#BSUB -o task5_16_50_%J.out
#BSUB -e task5_16_50_%J.err

source /dtu/projects/02613_2025/conda/conda_init.sh
conda activate 02613

python simulate_task5.py --n 50 --workers 16
------------------------------------------------------------

Successfully completed.

Resource usage summary:

    CPU time :                                   1294.62 sec.
    Max Memory :                                 244 MB
    Average Memory :                             244.00 MB
    Total Requested Memory :                     1024.00 MB
    Delta Memory :                               780.00 MB
    Max Swap :                                   -
    Max Processes :                              20
    Max Threads :                                24
    Run time :                                   136 sec.
    Turnaround time :                            102 sec.

The output (if any) is above this job summary.



PS:

Read file <task5_16_50_24831861.err> for stderr output of this job.

